[2024-06-27 16:27:54] Пользователь :  вошел в комнату.
[2024-06-27 16:27:54] Пользователь : :  вошел в комнату.
[2024-06-27 16:27:54] Сообщение от : 
[2024-06-27 16:27:54] Пользователь  вышел из комнаты.
[2024-06-27 16:30:31] Пользователь :  вошел в комнату.
[2024-06-27 16:30:31] Сообщение от : 
[2024-06-27 16:41:30] Сервер запущен
[2024-06-27 16:41:41] Подключение нового участника
[2024-06-27 16:41:41] Пользователь danone:  вошел в комнату.
[2024-06-27 16:41:42] Сообщение от danone: : fe
[2024-06-27 16:41:43] Сообщение от danone: : e
[2024-06-27 16:41:44] Сообщение от danone: : z
[2024-06-27 16:41:45] Сообщение от danone: : s
[2024-06-27 16:41:45] Сообщение от danone: : f
[2024-06-27 16:41:53] Сервер запущен
[2024-06-27 16:41:55] Подключение нового участника
[2024-06-27 16:41:55] Пользователь danone:  вошел в комнату.
[2024-06-27 16:50:01] Пользователь :  вошел в комнату.
[2024-06-27 16:50:01] Пользователь  вышел из комнаты.
[2024-06-27 16:50:01] Ошибка подключения: Host not found (authoritative)
[2024-06-27 16:50:01] Сообщение от : 
[2024-06-27 16:50:01] Клиент закрыл соединение: End of file
[2024-06-27 16:50:01] Пользователь  вышел из комнаты.
[2024-06-27 16:50:06] Пользователь :  вошел в комнату.
[2024-06-27 16:50:06] Пользователь  вышел из комнаты.
[2024-06-27 16:50:06] Ошибка подключения: Host not found (authoritative)
[2024-06-27 16:50:06] Сообщение от : 
[2024-06-27 16:50:06] Клиент закрыл соединение: End of file
[2024-06-27 16:50:06] Пользователь  вышел из комнаты.
[2024-06-27 16:53:40] Пользователь :  вошел в комнату.
[2024-06-27 16:53:40] Пользователь  вышел из комнаты.
[2024-06-27 16:53:40] Ошибка подключения: Host not found (authoritative)
[2024-06-27 16:53:40] Сообщение от : 
[2024-06-27 16:53:40] Клиент закрыл соединение: End of file
[2024-06-27 16:53:40] Пользователь  вышел из комнаты.
